0 info it worked if it ends with ok
1 verbose cli [
1 verbose cli   'C:\\Program Files\\nodejs\\node.exe',
1 verbose cli   'C:\\Program Files\\nodejs\\node_modules\\npm\\bin\\npm-cli.js',
1 verbose cli   'run',
1 verbose cli   'build'
1 verbose cli ]
2 info using npm@6.14.13
3 info using node@v14.17.3
4 verbose run-script [ 'prebuild', 'build', 'postbuild' ]
5 info lifecycle WuLAN@0.1.0~prebuild: WuLAN@0.1.0
6 info lifecycle WuLAN@0.1.0~build: WuLAN@0.1.0
7 verbose lifecycle WuLAN@0.1.0~build: unsafe-perm in lifecycle true
8 verbose lifecycle WuLAN@0.1.0~build: PATH: C:\Program Files\nodejs\node_modules\npm\node_modules\npm-lifecycle\node-gyp-bin;C:\projekty\Moje JAVA\wifistreamer\wifistreamer_front\node_modules\.bin;C:\Python39\Scripts\;C:\Python39\;c:\Projekty\Delphi7\libs\;c:\Projekty\Delphi7\libs\;c:\Projekty\Delphi7\libs\;c:\Projekty\Delphi7\libs\;c:\Projekty\Delphi7\libs\;c:\Projekty\Delphi7\libs\;c:\Projekty\Delphi7\libs\;c:\Projekty\Delphi7\libs\;c:\Projekty\Delphi7\libs\;c:\Projekty\Delphi7\libs\;c:\Projekty\Delphi7\libs\;c:\Projekty\Delphi7\libs\;c:\Projekty\Delphi7\libs\;c:\Projekty\Delphi7\libs\;c:\Projekty\Delphi7\libs\;c:\Projekty\Delphi7\libs\;c:\Projekty\Delphi7\libs\;c:\Projekty\Delphi7\libs\;c:\Projekty\Delphi7\libs\;c:\Projekty\Delphi7\libs\;c:\Projekty\Delphi7\libs\;c:\Projekty\Delphi7\libs\;c:\Projekty\Delphi7\libs\;c:\Projekty\Delphi7\libs\;c:\Projekty\Delphi7\libs\;c:\Projekty\Delphi7\libs\;c:\Projekty\Delphi7\libs\;C:\ORACLE\bin;C:\app\client\dkruszynski\product\19.0.0\client_1\bin;C:\Program Files (x86)\Common Files\Oracle\Java\javapath;C:\Program Files (x86)\Borland\Delphi7\Bin;C:\Program Files (x86)\Borland\Delphi7\Projects\Bpl\;C:\WINDOWS\system32;C:\WINDOWS;C:\WINDOWS\System32\Wbem;C:\WINDOWS\System32\WindowsPowerShell\v1.0\;C:\WINDOWS\System32\OpenSSH\;c:\Projekty\Delphi7\libs\;C:\Program Files\PuTTY\;C:\Program Files\TortoiseSVN\bin;C:\Program Files\dotnet\;C:\Program Files\Microsoft SQL Server\130\Tools\Binn\;C:\Program Files\Git\cmd;C:\FPC\3.2.0\bin\i386-Win32;C:\ProgramData\chocolatey\bin;C:\apache-maven-3.6.3\bin\bin;C:\apache-maven-3.6.3\bin;C:\Oracle;C:\Program Files (x86)\dotnet\;C:\Program Files\nodejs\;C:\Program Files\MySQL\MySQL Shell 8.0\bin\;C:\Users\dkruszynski\AppData\Local\Microsoft\WindowsApps;C:\Program Files (x86)\Sophos\Sophos SSL VPN Client\bin;C:\Program Files\JetBrains\IntelliJ IDEA Community Edition 2021.1.1\bin;;C:\Users\dkruszynski\AppData\Local\Programs\Microsoft VS Code\bin;C:\Users\dkruszynski\.dotnet\tools;;C:\Program Files\JetBrains\IntelliJ IDEA 2021.1.1\bin;;C:\Users\dkruszynski\AppData\Roaming\npm
9 verbose lifecycle WuLAN@0.1.0~build: CWD: C:\projekty\Moje JAVA\wifistreamer\wifistreamer_front
10 silly lifecycle WuLAN@0.1.0~build: Args: [ '/d /s /c', 'react-scripts build' ]
11 silly lifecycle WuLAN@0.1.0~build: Returned: code: 1  signal: null
12 info lifecycle WuLAN@0.1.0~build: Failed to exec build script
13 verbose stack Error: WuLAN@0.1.0 build: `react-scripts build`
13 verbose stack Exit status 1
13 verbose stack     at EventEmitter.<anonymous> (C:\Program Files\nodejs\node_modules\npm\node_modules\npm-lifecycle\index.js:332:16)
13 verbose stack     at EventEmitter.emit (events.js:375:28)
13 verbose stack     at ChildProcess.<anonymous> (C:\Program Files\nodejs\node_modules\npm\node_modules\npm-lifecycle\lib\spawn.js:55:14)
13 verbose stack     at ChildProcess.emit (events.js:375:28)
13 verbose stack     at maybeClose (internal/child_process.js:1055:16)
13 verbose stack     at Process.ChildProcess._handle.onexit (internal/child_process.js:288:5)
14 verbose pkgid WuLAN@0.1.0
15 verbose cwd C:\projekty\Moje JAVA\wifistreamer\wifistreamer_front
16 verbose Windows_NT 10.0.19042
17 verbose argv "C:\\Program Files\\nodejs\\node.exe" "C:\\Program Files\\nodejs\\node_modules\\npm\\bin\\npm-cli.js" "run" "build"
18 verbose node v14.17.3
19 verbose npm  v6.14.13
20 error code ELIFECYCLE
21 error errno 1
22 error WuLAN@0.1.0 build: `react-scripts build`
22 error Exit status 1
23 error Failed at the WuLAN@0.1.0 build script.
23 error This is probably not a problem with npm. There is likely additional logging output above.
24 verbose exit [ 1, true ]
